<?xml version="1.0" encoding="UTF-8"?>
<coverage generated="1774615553588" clover="3.2.0">
  <project timestamp="1774615553588" name="All files">
    <metrics statements="27" coveredstatements="25" conditionals="21" coveredconditionals="19" methods="7" coveredmethods="7" elements="55" coveredelements="51" complexity="0" loc="27" ncloc="27" packages="1" files="1" classes="1"/>
    <file name="script.js" path="/home/chema/IA Workspace/AI4Devs-intro-2603-sr-II/chema/reversestring-CHDLN/script.js">
      <metrics statements="27" coveredstatements="25" conditionals="21" coveredconditionals="19" methods="7" coveredmethods="7"/>
      <line num="2" count="9" type="cond" truecount="2" falsecount="0"/>
      <line num="3" count="9" type="stmt"/>
      <line num="7" count="7" type="stmt"/>
      <line num="8" count="7" type="stmt"/>
      <line num="9" count="7" type="stmt"/>
      <line num="11" count="7" type="cond" truecount="5" falsecount="0"/>
      <line num="12" count="1" type="stmt"/>
      <line num="15" count="14" type="stmt"/>
      <line num="17" count="6" type="stmt"/>
      <line num="18" count="10" type="stmt"/>
      <line num="19" count="10" type="stmt"/>
      <line num="20" count="10" type="cond" truecount="2" falsecount="0"/>
      <line num="23" count="6" type="stmt"/>
      <line num="24" count="4" type="cond" truecount="1" falsecount="1"/>
      <line num="25" count="0" type="stmt"/>
      <line num="26" count="0" type="stmt"/>
      <line num="28" count="4" type="stmt"/>
      <line num="31" count="6" type="stmt"/>
      <line num="32" count="6" type="stmt"/>
      <line num="33" count="6" type="stmt"/>
      <line num="34" count="2" type="cond" truecount="2" falsecount="0"/>
      <line num="37" count="6" type="stmt"/>
      <line num="38" count="6" type="stmt"/>
      <line num="41" count="3" type="cond" truecount="1" falsecount="1"/>
      <line num="42" count="3" type="stmt"/>
      <line num="44" count="5" type="cond" truecount="3" falsecount="0"/>
      <line num="47" count="5" type="cond" truecount="2" falsecount="0"/>
    </file>
  </project>
</coverage>
