{"/home/chema/IA Workspace/AI4Devs-intro-2603-sr-II/chema/reversestring-CHDLN/script.js": {"path":"/home/chema/IA Workspace/AI4Devs-intro-2603-sr-II/chema/reversestring-CHDLN/script.js","statementMap":{"0":{"start":{"line":2,"column":14},"end":{"line":2,"column":33}},"1":{"start":{"line":3,"column":2},"end":{"line":3,"column":null}},"2":{"start":{"line":7,"column":16},"end":{"line":7,"column":49}},"3":{"start":{"line":8,"column":17},"end":{"line":8,"column":51}},"4":{"start":{"line":9,"column":17},"end":{"line":9,"column":46}},"5":{"start":{"line":11,"column":2},"end":{"line":13,"column":null}},"6":{"start":{"line":12,"column":4},"end":{"line":12,"column":null}},"7":{"start":{"line":15,"column":28},"end":{"line":15,"column":63}},"8":{"start":{"line":15,"column":34},"end":{"line":15,"column":63}},"9":{"start":{"line":17,"column":26},"end":{"line":21,"column":3}},"10":{"start":{"line":18,"column":20},"end":{"line":18,"column":39}},"11":{"start":{"line":19,"column":4},"end":{"line":19,"column":null}},"12":{"start":{"line":20,"column":4},"end":{"line":20,"column":null}},"13":{"start":{"line":20,"column":18},"end":{"line":20,"column":null}},"14":{"start":{"line":23,"column":17},"end":{"line":29,"column":3}},"15":{"start":{"line":24,"column":4},"end":{"line":27,"column":null}},"16":{"start":{"line":25,"column":6},"end":{"line":25,"column":null}},"17":{"start":{"line":26,"column":6},"end":{"line":26,"column":null}},"18":{"start":{"line":28,"column":4},"end":{"line":28,"column":null}},"19":{"start":{"line":31,"column":2},"end":{"line":31,"column":null}},"20":{"start":{"line":32,"column":2},"end":{"line":32,"column":null}},"21":{"start":{"line":33,"column":2},"end":{"line":35,"column":null}},"22":{"start":{"line":34,"column":4},"end":{"line":34,"column":null}},"23":{"start":{"line":34,"column":27},"end":{"line":34,"column":null}},"24":{"start":{"line":37,"column":2},"end":{"line":37,"column":null}},"25":{"start":{"line":38,"column":2},"end":{"line":38,"column":null}},"26":{"start":{"line":41,"column":0},"end":{"line":49,"column":null}},"27":{"start":{"line":42,"column":2},"end":{"line":48,"column":null}},"28":{"start":{"line":44,"column":6},"end":{"line":46,"column":39}},"29":{"start":{"line":47,"column":4},"end":{"line":47,"column":null}},"30":{"start":{"line":47,"column":16},"end":{"line":47,"column":null}}},"fnMap":{"0":{"name":"reverseString","decl":{"start":{"line":1,"column":16},"end":{"line":1,"column":29}},"loc":{"start":{"line":1,"column":37},"end":{"line":4,"column":null}},"line":1},"1":{"name":"initReverseStringApp","decl":{"start":{"line":6,"column":16},"end":{"line":6,"column":36}},"loc":{"start":{"line":6,"column":54},"end":{"line":39,"column":null}},"line":6},"2":{"name":"(anonymous_2)","decl":{"start":{"line":15,"column":28},"end":{"line":15,"column":29}},"loc":{"start":{"line":15,"column":34},"end":{"line":15,"column":63}},"line":15},"3":{"name":"(anonymous_3)","decl":{"start":{"line":17,"column":26},"end":{"line":17,"column":27}},"loc":{"start":{"line":17,"column":32},"end":{"line":21,"column":3}},"line":17},"4":{"name":"(anonymous_4)","decl":{"start":{"line":23,"column":17},"end":{"line":23,"column":18}},"loc":{"start":{"line":23,"column":23},"end":{"line":29,"column":3}},"line":23},"5":{"name":"(anonymous_5)","decl":{"start":{"line":33,"column":36},"end":{"line":33,"column":37}},"loc":{"start":{"line":33,"column":43},"end":{"line":35,"column":3}},"line":33},"6":{"name":"(anonymous_6)","decl":{"start":{"line":42,"column":46},"end":{"line":42,"column":47}},"loc":{"start":{"line":42,"column":52},"end":{"line":48,"column":3}},"line":42}},"branchMap":{"0":{"loc":{"start":{"line":2,"column":21},"end":{"line":2,"column":32}},"type":"binary-expr","locations":[{"start":{"line":2,"column":21},"end":{"line":2,"column":26}},{"start":{"line":2,"column":30},"end":{"line":2,"column":32}}],"line":2},"1":{"loc":{"start":{"line":6,"column":37},"end":{"line":6,"column":52}},"type":"default-arg","locations":[{"start":{"line":6,"column":44},"end":{"line":6,"column":52}}],"line":6},"2":{"loc":{"start":{"line":11,"column":2},"end":{"line":13,"column":null}},"type":"if","locations":[{"start":{"line":11,"column":2},"end":{"line":13,"column":null}},{"start":{},"end":{}}],"line":11},"3":{"loc":{"start":{"line":11,"column":6},"end":{"line":11,"column":34}},"type":"binary-expr","locations":[{"start":{"line":11,"column":6},"end":{"line":11,"column":12}},{"start":{"line":11,"column":16},"end":{"line":11,"column":23}},{"start":{"line":11,"column":27},"end":{"line":11,"column":34}}],"line":11},"4":{"loc":{"start":{"line":20,"column":4},"end":{"line":20,"column":null}},"type":"if","locations":[{"start":{"line":20,"column":4},"end":{"line":20,"column":null}},{"start":{},"end":{}}],"line":20},"5":{"loc":{"start":{"line":24,"column":4},"end":{"line":27,"column":null}},"type":"if","locations":[{"start":{"line":24,"column":4},"end":{"line":27,"column":null}},{"start":{},"end":{}}],"line":24},"6":{"loc":{"start":{"line":34,"column":4},"end":{"line":34,"column":null}},"type":"if","locations":[{"start":{"line":34,"column":4},"end":{"line":34,"column":null}},{"start":{},"end":{}}],"line":34},"7":{"loc":{"start":{"line":41,"column":0},"end":{"line":49,"column":null}},"type":"if","locations":[{"start":{"line":41,"column":0},"end":{"line":49,"column":null}},{"start":{},"end":{}}],"line":41},"8":{"loc":{"start":{"line":44,"column":6},"end":{"line":46,"column":39}},"type":"binary-expr","locations":[{"start":{"line":44,"column":6},"end":{"line":44,"column":43}},{"start":{"line":45,"column":6},"end":{"line":45,"column":44}},{"start":{"line":46,"column":6},"end":{"line":46,"column":39}}],"line":44},"9":{"loc":{"start":{"line":47,"column":4},"end":{"line":47,"column":null}},"type":"if","locations":[{"start":{"line":47,"column":4},"end":{"line":47,"column":null}},{"start":{},"end":{}}],"line":47}},"s":{"0":9,"1":9,"2":7,"3":7,"4":7,"5":7,"6":1,"7":6,"8":14,"9":6,"10":10,"11":10,"12":10,"13":5,"14":6,"15":4,"16":0,"17":0,"18":4,"19":6,"20":6,"21":6,"22":2,"23":1,"24":6,"25":6,"26":3,"27":3,"28":5,"29":5,"30":2},"f":{"0":9,"1":7,"2":14,"3":10,"4":4,"5":2,"6":5},"b":{"0":[9,2],"1":[7],"2":[1,6],"3":[7,6,6],"4":[5,5],"5":[0,4],"6":[1,1],"7":[3,0],"8":[5,2,2],"9":[2,3]},"meta":{"lastBranch":10,"lastFunction":7,"lastStatement":31,"seen":{"f:1:16:1:29":0,"s:2:14:2:33":0,"b:2:21:2:26:2:30:2:32":0,"s:3:2:3:Infinity":1,"f:6:16:6:36":1,"b:6:44:6:52":1,"s:7:16:7:49":2,"s:8:17:8:51":3,"s:9:17:9:46":4,"b:11:2:13:Infinity:undefined:undefined:undefined:undefined":2,"s:11:2:13:Infinity":5,"b:11:6:11:12:11:16:11:23:11:27:11:34":3,"s:12:4:12:Infinity":6,"s:15:28:15:63":7,"f:15:28:15:29":2,"s:15:34:15:63":8,"s:17:26:21:3":9,"f:17:26:17:27":3,"s:18:20:18:39":10,"s:19:4:19:Infinity":11,"b:20:4:20:Infinity:undefined:undefined:undefined:undefined":4,"s:20:4:20:Infinity":12,"s:20:18:20:Infinity":13,"s:23:17:29:3":14,"f:23:17:23:18":4,"b:24:4:27:Infinity:undefined:undefined:undefined:undefined":5,"s:24:4:27:Infinity":15,"s:25:6:25:Infinity":16,"s:26:6:26:Infinity":17,"s:28:4:28:Infinity":18,"s:31:2:31:Infinity":19,"s:32:2:32:Infinity":20,"s:33:2:35:Infinity":21,"f:33:36:33:37":5,"b:34:4:34:Infinity:undefined:undefined:undefined:undefined":6,"s:34:4:34:Infinity":22,"s:34:27:34:Infinity":23,"s:37:2:37:Infinity":24,"s:38:2:38:Infinity":25,"b:41:0:49:Infinity:undefined:undefined:undefined:undefined":7,"s:41:0:49:Infinity":26,"s:42:2:48:Infinity":27,"f:42:46:42:47":6,"s:44:6:46:39":28,"b:44:6:44:43:45:6:45:44:46:6:46:39":8,"b:47:4:47:Infinity:undefined:undefined:undefined:undefined":9,"s:47:4:47:Infinity":29,"s:47:16:47:Infinity":30}}}
}
